<?xml version="1.0" encoding="UTF-8"?>
<!-- Generated by org.testng.reporters.JUnitReportReporter -->
<testsuite hostname="LAPTOP-FAP6QC75" failures="0" tests="2" name="tests.TestCase" time="23.138" errors="0" timestamp="2020-12-04T12:17:30 PST" skipped="0">
  <testcase classname="tests.TestCase" name="login1" time="7.085"/>
  <system-out/>
  <testcase classname="tests.TestCase" name="login2" time="16.053"/>
  <system-out/>
</testsuite> <!-- tests.TestCase -->
