<?xml version="1.0" encoding="UTF-8"?>
<!-- Generated by org.testng.reporters.JUnitReportReporter -->
<testsuite hostname="LAPTOP-FAP6QC75" failures="0" tests="5" name="tests.NegativeLoginTests" time="40.957" errors="0" timestamp="2020-12-19T22:32:29 PST" skipped="0">
  <testcase classname="tests.NegativeLoginTests" name="negativeLoginTests" time="7.991"/>
  <system-out/>
  <testcase classname="tests.NegativeLoginTests" name="negativeLoginTests" time="10.827"/>
  <system-out/>
  <testcase classname="tests.NegativeLoginTests" name="negativeLoginTests" time="7.991"/>
  <system-out/>
  <testcase classname="tests.NegativeLoginTests" name="negativeLoginTests" time="7.007"/>
  <system-out/>
  <testcase classname="tests.NegativeLoginTests" name="negativeLoginTests" time="7.141"/>
  <system-out/>
</testsuite> <!-- tests.NegativeLoginTests -->
