<?xml version="1.0" encoding="UTF-8"?>
<!-- Generated by org.testng.reporters.JUnitReportReporter -->
<testsuite hostname="LAPTOP-FAP6QC75" failures="0" tests="5" name="endToEndTests.NegativeLoginTests" time="52.177" errors="0" timestamp="2020-12-23T21:53:40 PST" skipped="0">
  <testcase classname="endToEndTests.NegativeLoginTests" name="negativeLoginTests" time="9.179"/>
  <system-out/>
  <testcase classname="endToEndTests.NegativeLoginTests" name="negativeLoginTests" time="10.565"/>
  <system-out/>
  <testcase classname="endToEndTests.NegativeLoginTests" name="negativeLoginTests" time="9.500"/>
  <system-out/>
  <testcase classname="endToEndTests.NegativeLoginTests" name="negativeLoginTests" time="13.904"/>
  <system-out/>
  <testcase classname="endToEndTests.NegativeLoginTests" name="negativeLoginTests" time="9.029"/>
  <system-out/>
</testsuite> <!-- endToEndTests.NegativeLoginTests -->
