<?xml version="1.0" encoding="UTF-8"?>
<!-- Generated by org.testng.reporters.JUnitReportReporter -->
<testsuite hostname="LAPTOP-FAP6QC75" failures="0" tests="1" name="endToEndTests.AddNewUser" time="0.000" errors="0" timestamp="2020-12-22T11:12:57 PST" skipped="1">
  <testcase classname="endToEndTests.AddNewUser" name="taskCreationTest" time="0.000">
    <skipped/>
  </testcase> <!-- taskCreationTest -->
  <system-out/>
</testsuite> <!-- endToEndTests.AddNewUser -->
