<?xml version="1.0" encoding="UTF-8"?>
<!-- Generated by org.testng.reporters.JUnitReportReporter -->
<testsuite hostname="LAPTOP-FAP6QC75" failures="0" tests="2" name="tests.TaskCreationTest" time="35.198" errors="0" timestamp="2020-12-20T07:26:38 PST" skipped="0">
  <testcase classname="tests.TaskCreationTest" name="taskCreationTest" time="16.163"/>
  <system-out/>
  <testcase classname="tests.TaskCreationTest" name="taskCreationTest" time="19.035"/>
  <system-out/>
</testsuite> <!-- tests.TaskCreationTest -->
