<?xml version="1.0" encoding="UTF-8"?>
<!-- Generated by org.testng.reporters.JUnitReportReporter -->
<testsuite hostname="LAPTOP-FAP6QC75" failures="0" tests="1" name="tests.NegativeLoginTest" time="0.000" errors="0" timestamp="2020-12-18T12:59:32 PST" skipped="1">
  <testcase classname="tests.NegativeLoginTest" name="negativeLoginTest" time="0.000">
    <skipped/>
  </testcase> <!-- negativeLoginTest -->
  <system-out/>
</testsuite> <!-- tests.NegativeLoginTest -->
