<?xml version="1.0" encoding="UTF-8"?>
<!-- Generated by org.testng.reporters.JUnitReportReporter -->
<testsuite hostname="LAPTOP-FAP6QC75" failures="0" tests="2" name="tests.TaskCreationTest" time="49.250" errors="0" timestamp="2020-12-17T22:58:07 PST" skipped="0">
  <testcase classname="tests.TaskCreationTest" name="taskCreationTest" time="33.622"/>
  <system-out/>
  <testcase classname="tests.TaskCreationTest" name="taskCreationTest" time="15.628"/>
  <system-out/>
</testsuite> <!-- tests.TaskCreationTest -->
