<?xml version="1.0" encoding="UTF-8"?>
<!-- Generated by org.testng.reporters.JUnitReportReporter -->
<testsuite hostname="LAPTOP-FAP6QC75" failures="0" tests="2" name="tests.TestCase" time="27.905" errors="0" timestamp="2020-12-10T08:47:07 PST" skipped="0">
  <testcase classname="tests.TestCase" name="TaskCreationTest" time="14.713"/>
  <system-out/>
  <testcase classname="tests.TestCase" name="TaskCreationTest" time="13.192"/>
  <system-out/>
</testsuite> <!-- tests.TestCase -->
