<?xml version="1.0" encoding="UTF-8"?>
<!-- Generated by org.testng.reporters.JUnitReportReporter -->
<testsuite hostname="LAPTOP-FAP6QC75" failures="0" tests="2" name="tests.TestCase" time="28.362" errors="0" timestamp="2020-12-12T21:44:39 PST" skipped="0">
  <testcase classname="tests.TestCase" name="TaskCreationTest" time="13.249"/>
  <system-out/>
  <testcase classname="tests.TestCase" name="TaskCreationTest" time="15.113"/>
  <system-out/>
</testsuite> <!-- tests.TestCase -->
