<?xml version="1.0" encoding="UTF-8"?>
<!-- Generated by org.testng.reporters.JUnitReportReporter -->
<testsuite hostname="LAPTOP-FAP6QC75" failures="0" tests="2" name="tests.TestCase" time="57.950" errors="0" timestamp="2020-12-03T09:10:18 PST" skipped="0">
  <testcase classname="tests.TestCase" name="TestCase2" time="29.173"/>
  <system-out/>
  <testcase classname="tests.TestCase" name="TestCase1" time="28.777"/>
  <system-out/>
</testsuite> <!-- tests.TestCase -->
