<?xml version="1.0" encoding="UTF-8"?>
<!-- Generated by org.testng.reporters.JUnitReportReporter -->
<testsuite hostname="LAPTOP-FAP6QC75" failures="0" tests="1" name="tests.TestCase" time="15.832" errors="0" timestamp="2020-12-06T19:57:38 PST" skipped="0">
  <testcase classname="tests.TestCase" name="login1" time="15.832"/>
  <system-out/>
</testsuite> <!-- tests.TestCase -->
