<?xml version="1.0" encoding="UTF-8"?>
<!-- Generated by org.testng.reporters.JUnitReportReporter -->
<testsuite hostname="LAPTOP-FAP6QC75" failures="0" tests="5" name="endToEndTests.AddNewUserTest" time="59.527" errors="0" timestamp="2020-12-29T10:02:41 PST" skipped="0">
  <testcase classname="endToEndTests.AddNewUserTest" name="addNewUserTest" time="10.550"/>
  <system-out/>
  <testcase classname="endToEndTests.AddNewUserTest" name="addNewUserTest" time="10.711"/>
  <system-out/>
  <testcase classname="endToEndTests.AddNewUserTest" name="addNewUserTest" time="11.285"/>
  <system-out/>
  <testcase classname="endToEndTests.AddNewUserTest" name="addNewUserTest" time="16.081"/>
  <system-out/>
  <testcase classname="endToEndTests.AddNewUserTest" name="addNewUserTest" time="10.900"/>
  <system-out/>
</testsuite> <!-- endToEndTests.AddNewUserTest -->
