<?xml version="1.0" encoding="UTF-8"?>
<!-- Generated by org.testng.reporters.JUnitReportReporter -->
<testsuite hostname="LAPTOP-FAP6QC75" failures="0" tests="5" name="tests.NegativeLoginTests" time="44.976" errors="0" timestamp="2020-12-20T07:26:38 PST" skipped="0">
  <testcase classname="tests.NegativeLoginTests" name="negativeLoginTests" time="8.730"/>
  <system-out/>
  <testcase classname="tests.NegativeLoginTests" name="negativeLoginTests" time="9.262"/>
  <system-out/>
  <testcase classname="tests.NegativeLoginTests" name="negativeLoginTests" time="8.485"/>
  <system-out/>
  <testcase classname="tests.NegativeLoginTests" name="negativeLoginTests" time="11.035"/>
  <system-out/>
  <testcase classname="tests.NegativeLoginTests" name="negativeLoginTests" time="7.464"/>
  <system-out/>
</testsuite> <!-- tests.NegativeLoginTests -->
