<?xml version="1.0" encoding="UTF-8"?>
<!-- Generated by org.testng.reporters.JUnitReportReporter -->
<testsuite hostname="LAPTOP-FAP6QC75" failures="0" tests="2" name="tests.TaskCreationTest" time="36.606" errors="0" timestamp="2020-12-20T23:03:53 PST" skipped="0">
  <testcase classname="tests.TaskCreationTest" name="taskCreationTest" time="14.609"/>
  <system-out/>
  <testcase classname="tests.TaskCreationTest" name="taskCreationTest" time="21.997"/>
  <system-out/>
</testsuite> <!-- tests.TaskCreationTest -->
