<?xml version="1.0" encoding="UTF-8"?>
<!-- Generated by org.testng.reporters.JUnitReportReporter -->
<testsuite hostname="LAPTOP-FAP6QC75" failures="0" tests="1" name="tests.TestCase" time="14.726" errors="0" timestamp="2020-12-05T12:59:57 PST" skipped="0">
  <testcase classname="tests.TestCase" name="login1" time="14.726"/>
  <system-out/>
</testsuite> <!-- tests.TestCase -->
