<?xml version="1.0" encoding="UTF-8"?>
<!-- Generated by org.testng.reporters.JUnitReportReporter -->
<testsuite hostname="LAPTOP-FAP6QC75" failures="0" tests="2" name="endToEndTests.TaskCreationTest" time="73.876" errors="0" timestamp="2020-12-28T11:26:21 PST" skipped="0">
  <testcase classname="endToEndTests.TaskCreationTest" name="taskCreationTest" time="39.965"/>
  <system-out/>
  <testcase classname="endToEndTests.TaskCreationTest" name="taskCreationTest" time="33.911"/>
  <system-out/>
</testsuite> <!-- endToEndTests.TaskCreationTest -->
